[debug] [2023-12-20T11:33:24.288Z] ----------------------------------------------------------------------
[debug] [2023-12-20T11:33:24.293Z] Command:       E:\Program Files\nodejs\node.exe C:\Users\Abhishek\AppData\Roaming\npm\node_modules\firebase-tools\lib\bin\firebase.js init
[debug] [2023-12-20T11:33:24.294Z] CLI Version:   13.0.2
[debug] [2023-12-20T11:33:24.295Z] Platform:      win32
[debug] [2023-12-20T11:33:24.295Z] Node Version:  v21.5.0
[debug] [2023-12-20T11:33:24.295Z] Time:          Wed Dec 20 2023 17:03:24 GMT+0530 (India Standard Time)
[debug] [2023-12-20T11:33:24.296Z] ----------------------------------------------------------------------
[debug] 
[debug] [2023-12-20T11:33:24.314Z] > command requires scopes: ["email","openid","https://www.googleapis.com/auth/cloudplatformprojects.readonly","https://www.googleapis.com/auth/firebase","https://www.googleapis.com/auth/cloud-platform"]
[debug] [2023-12-20T11:33:24.315Z] > authorizing via signed-in user (21je0028@iitism.ac.in)
[info] 
     ######## #### ########  ######## ########     ###     ######  ########
     ##        ##  ##     ## ##       ##     ##  ##   ##  ##       ##
     ######    ##  ########  ######   ########  #########  ######  ######
     ##        ##  ##    ##  ##       ##     ## ##     ##       ## ##
     ##       #### ##     ## ######## ########  ##     ##  ######  ########

You're about to initialize a Firebase project in this directory:

  C:\Users\Abhishek\OneDrive\Documents\Desktop\ChatApp

[info] 
=== Project Setup
[info] 
[info] First, let's associate this project directory with a Firebase project.
[info] You can create multiple project aliases by running firebase use --add, 
[info] but for now we'll just set up a default project.
[info] 
[debug] [2023-12-20T11:33:34.303Z] >>> [apiv2][query] GET https://firebase.googleapis.com/v1beta1/projects pageSize=100
[debug] [2023-12-20T11:33:38.709Z] <<< [apiv2][status] GET https://firebase.googleapis.com/v1beta1/projects 200
[debug] [2023-12-20T11:33:38.709Z] <<< [apiv2][body] GET https://firebase.googleapis.com/v1beta1/projects [omitted]
[info] i  Using project chat-app-16f84 (Chat App) 
[info] 
=== Database Setup
[info] i  database: ensuring required API firebasedatabase.googleapis.com is enabled... 
[debug] [2023-12-20T11:33:39.959Z] >>> [apiv2][query] GET https://serviceusage.googleapis.com/v1/projects/chat-app-16f84/services/firebasedatabase.googleapis.com [none]
[debug] [2023-12-20T11:33:39.959Z] >>> [apiv2][(partial)header] GET https://serviceusage.googleapis.com/v1/projects/chat-app-16f84/services/firebasedatabase.googleapis.com x-goog-quota-user=projects/chat-app-16f84
[debug] [2023-12-20T11:33:43.321Z] <<< [apiv2][status] GET https://serviceusage.googleapis.com/v1/projects/chat-app-16f84/services/firebasedatabase.googleapis.com 200
[debug] [2023-12-20T11:33:43.321Z] <<< [apiv2][body] GET https://serviceusage.googleapis.com/v1/projects/chat-app-16f84/services/firebasedatabase.googleapis.com [omitted]
[info] +  database: required API firebasedatabase.googleapis.com is enabled 
[info] 
[debug] [2023-12-20T11:33:43.323Z] >>> [apiv2][query] GET https://firebasedatabase.googleapis.com/v1beta/projects/chat-app-16f84/locations/-/instances/chat-app-16f84-default-rtdb [none]
[debug] [2023-12-20T11:33:46.022Z] <<< [apiv2][status] GET https://firebasedatabase.googleapis.com/v1beta/projects/chat-app-16f84/locations/-/instances/chat-app-16f84-default-rtdb 200
[debug] [2023-12-20T11:33:46.022Z] <<< [apiv2][body] GET https://firebasedatabase.googleapis.com/v1beta/projects/chat-app-16f84/locations/-/instances/chat-app-16f84-default-rtdb {"name":"projects/693433602268/locations/us-central1/instances/chat-app-16f84-default-rtdb","project":"projects/693433602268","databaseUrl":"https://chat-app-16f84-default-rtdb.firebaseio.com","type":"DEFAULT_DATABASE","state":"ACTIVE"}
[info] 
[info] Firebase Realtime Database Security Rules allow you to define how your data should be
[info] structured and when your data can be read from and written to.
[info] 
[info] Skipping overwrite of Realtime Database Security Rules.
[info] The security rules defined in database.rules.json will be published when you run firebase deploy.
[info] 
=== Firestore Setup
[debug] [2023-12-20T11:33:51.920Z] >>> [apiv2][query] GET https://serviceusage.googleapis.com/v1/projects/chat-app-16f84/services/firestore.googleapis.com [none]
[debug] [2023-12-20T11:33:51.921Z] >>> [apiv2][(partial)header] GET https://serviceusage.googleapis.com/v1/projects/chat-app-16f84/services/firestore.googleapis.com x-goog-quota-user=projects/chat-app-16f84
[debug] [2023-12-20T11:34:00.227Z] <<< [apiv2][status] GET https://serviceusage.googleapis.com/v1/projects/chat-app-16f84/services/firestore.googleapis.com 200
[debug] [2023-12-20T11:34:00.228Z] <<< [apiv2][body] GET https://serviceusage.googleapis.com/v1/projects/chat-app-16f84/services/firestore.googleapis.com [omitted]
[debug] [2023-12-20T11:34:00.228Z] >>> [apiv2][query] GET https://firestore.googleapis.com/v1/projects/chat-app-16f84/databases/(default) [none]
[debug] [2023-12-20T11:34:02.494Z] <<< [apiv2][status] GET https://firestore.googleapis.com/v1/projects/chat-app-16f84/databases/(default) 200
[debug] [2023-12-20T11:34:02.494Z] <<< [apiv2][body] GET https://firestore.googleapis.com/v1/projects/chat-app-16f84/databases/(default) {"name":"projects/chat-app-16f84/databases/(default)","uid":"b568c30b-9c10-41ba-bc10-4d755146cdc9","createTime":"2023-12-20T11:32:40.633076Z","updateTime":"2023-12-20T11:32:40.633076Z","locationId":"asia-south1","type":"FIRESTORE_NATIVE","concurrencyMode":"PESSIMISTIC","versionRetentionPeriod":"3600s","earliestVersionTime":"2023-12-20T11:32:40.633076Z","appEngineIntegrationMode":"DISABLED","keyPrefix":"j","pointInTimeRecoveryEnablement":"POINT_IN_TIME_RECOVERY_DISABLED","deleteProtectionState":"DELETE_PROTECTION_DISABLED","etag":"IMiA/tv1nYMDMPSd9rn1nYMD"}
[debug] [2023-12-20T11:34:02.494Z] database_type: FIRESTORE_NATIVE
[debug] [2023-12-20T11:34:02.495Z] > command requires scopes: ["email","openid","https://www.googleapis.com/auth/cloudplatformprojects.readonly","https://www.googleapis.com/auth/firebase","https://www.googleapis.com/auth/cloud-platform"]
[debug] [2023-12-20T11:34:02.495Z] > authorizing via signed-in user (21je0028@iitism.ac.in)
[debug] [2023-12-20T11:34:02.495Z] [iam] checking project chat-app-16f84 for permissions ["firebase.projects.get"]
[debug] [2023-12-20T11:34:02.496Z] >>> [apiv2][query] POST https://cloudresourcemanager.googleapis.com/v1/projects/chat-app-16f84:testIamPermissions [none]
[debug] [2023-12-20T11:34:02.496Z] >>> [apiv2][(partial)header] POST https://cloudresourcemanager.googleapis.com/v1/projects/chat-app-16f84:testIamPermissions x-goog-quota-user=projects/chat-app-16f84
[debug] [2023-12-20T11:34:02.496Z] >>> [apiv2][body] POST https://cloudresourcemanager.googleapis.com/v1/projects/chat-app-16f84:testIamPermissions {"permissions":["firebase.projects.get"]}
[debug] [2023-12-20T11:34:07.708Z] <<< [apiv2][status] POST https://cloudresourcemanager.googleapis.com/v1/projects/chat-app-16f84:testIamPermissions 200
[debug] [2023-12-20T11:34:07.709Z] <<< [apiv2][body] POST https://cloudresourcemanager.googleapis.com/v1/projects/chat-app-16f84:testIamPermissions {"permissions":["firebase.projects.get"]}
[info] 
[info] Firestore Security Rules allow you to define how and when to allow
[info] requests. You can keep these rules in your project directory
[info] and publish them with firebase deploy.
[info] 
[debug] [2023-12-20T11:34:13.568Z] >>> [apiv2][query] GET https://firebaserules.googleapis.com/v1/projects/chat-app-16f84/releases pageSize=10&pageToken=
[debug] [2023-12-20T11:34:15.463Z] <<< [apiv2][status] GET https://firebaserules.googleapis.com/v1/projects/chat-app-16f84/releases 200
[debug] [2023-12-20T11:34:15.463Z] <<< [apiv2][body] GET https://firebaserules.googleapis.com/v1/projects/chat-app-16f84/releases {"releases":[{"name":"projects/chat-app-16f84/releases/cloud.firestore","rulesetName":"projects/chat-app-16f84/rulesets/e8d2602e-d287-4845-adca-f8c3d16e5049","createTime":"2023-12-20T11:32:50.748627Z","updateTime":"2023-12-20T11:32:50.748627Z"}]}
[debug] [2023-12-20T11:34:15.463Z] Found ruleset: projects/chat-app-16f84/rulesets/e8d2602e-d287-4845-adca-f8c3d16e5049
[debug] [2023-12-20T11:34:15.464Z] >>> [apiv2][query] GET https://firebaserules.googleapis.com/v1/projects/chat-app-16f84/rulesets/e8d2602e-d287-4845-adca-f8c3d16e5049 [none]
[debug] [2023-12-20T11:34:16.956Z] <<< [apiv2][status] GET https://firebaserules.googleapis.com/v1/projects/chat-app-16f84/rulesets/e8d2602e-d287-4845-adca-f8c3d16e5049 200
[debug] [2023-12-20T11:34:16.956Z] <<< [apiv2][body] GET https://firebaserules.googleapis.com/v1/projects/chat-app-16f84/rulesets/e8d2602e-d287-4845-adca-f8c3d16e5049 [omitted]
[info] 
[info] Firestore indexes allow you to perform complex queries while
[info] maintaining performance that scales with the size of the result
[info] set. You can keep index definitions in your project directory
[info] and publish them with firebase deploy.
[info] 
[debug] [2023-12-20T11:34:20.260Z] >>> [apiv2][query] GET https://firestore.googleapis.com/v1/projects/chat-app-16f84/databases/(default)/collectionGroups/-/indexes [none]
[debug] [2023-12-20T11:34:20.263Z] >>> [apiv2][query] GET https://firestore.googleapis.com/v1/projects/chat-app-16f84/databases/(default)/collectionGroups/-/fields?filter=indexConfig.usesAncestorConfig=false OR ttlConfig:* [none]
[debug] [2023-12-20T11:34:20.687Z] <<< [apiv2][status] GET https://firestore.googleapis.com/v1/projects/chat-app-16f84/databases/(default)/collectionGroups/-/indexes 200
[debug] [2023-12-20T11:34:20.688Z] <<< [apiv2][body] GET https://firestore.googleapis.com/v1/projects/chat-app-16f84/databases/(default)/collectionGroups/-/indexes {}
[debug] [2023-12-20T11:34:20.764Z] <<< [apiv2][status] GET https://firestore.googleapis.com/v1/projects/chat-app-16f84/databases/(default)/collectionGroups/-/fields?filter=indexConfig.usesAncestorConfig=false OR ttlConfig:* 200
[debug] [2023-12-20T11:34:20.765Z] <<< [apiv2][body] GET https://firestore.googleapis.com/v1/projects/chat-app-16f84/databases/(default)/collectionGroups/-/fields?filter=indexConfig.usesAncestorConfig=false OR ttlConfig:* {"fields":[{"name":"projects/chat-app-16f84/databases/(default)/collectionGroups/__default__/fields/*","indexConfig":{"indexes":[{"queryScope":"COLLECTION","fields":[{"fieldPath":"*","order":"ASCENDING"}],"state":"READY"},{"queryScope":"COLLECTION","fields":[{"fieldPath":"*","order":"DESCENDING"}],"state":"READY"},{"queryScope":"COLLECTION","fields":[{"fieldPath":"*","arrayConfig":"CONTAINS"}],"state":"READY"}]}}]}
[info] 
=== Functions Setup
[debug] [2023-12-20T11:34:20.769Z] > command requires scopes: ["email","openid","https://www.googleapis.com/auth/cloudplatformprojects.readonly","https://www.googleapis.com/auth/firebase","https://www.googleapis.com/auth/cloud-platform"]
[debug] [2023-12-20T11:34:20.769Z] > authorizing via signed-in user (21je0028@iitism.ac.in)
[debug] [2023-12-20T11:34:20.770Z] [iam] checking project chat-app-16f84 for permissions ["firebase.projects.get"]
[debug] [2023-12-20T11:34:20.770Z] >>> [apiv2][query] POST https://cloudresourcemanager.googleapis.com/v1/projects/chat-app-16f84:testIamPermissions [none]
[debug] [2023-12-20T11:34:20.770Z] >>> [apiv2][(partial)header] POST https://cloudresourcemanager.googleapis.com/v1/projects/chat-app-16f84:testIamPermissions x-goog-quota-user=projects/chat-app-16f84
[debug] [2023-12-20T11:34:20.770Z] >>> [apiv2][body] POST https://cloudresourcemanager.googleapis.com/v1/projects/chat-app-16f84:testIamPermissions {"permissions":["firebase.projects.get"]}
[debug] [2023-12-20T11:34:22.353Z] <<< [apiv2][status] POST https://cloudresourcemanager.googleapis.com/v1/projects/chat-app-16f84:testIamPermissions 200
[debug] [2023-12-20T11:34:22.353Z] <<< [apiv2][body] POST https://cloudresourcemanager.googleapis.com/v1/projects/chat-app-16f84:testIamPermissions {"permissions":["firebase.projects.get"]}
[debug] [2023-12-20T11:34:22.354Z] >>> [apiv2][query] GET https://serviceusage.googleapis.com/v1/projects/chat-app-16f84/services/cloudfunctions.googleapis.com [none]
[debug] [2023-12-20T11:34:22.354Z] >>> [apiv2][(partial)header] GET https://serviceusage.googleapis.com/v1/projects/chat-app-16f84/services/cloudfunctions.googleapis.com x-goog-quota-user=projects/chat-app-16f84
[debug] [2023-12-20T11:34:22.355Z] >>> [apiv2][query] GET https://serviceusage.googleapis.com/v1/projects/chat-app-16f84/services/runtimeconfig.googleapis.com [none]
[debug] [2023-12-20T11:34:22.356Z] >>> [apiv2][(partial)header] GET https://serviceusage.googleapis.com/v1/projects/chat-app-16f84/services/runtimeconfig.googleapis.com x-goog-quota-user=projects/chat-app-16f84
[debug] [2023-12-20T11:34:24.334Z] <<< [apiv2][status] GET https://serviceusage.googleapis.com/v1/projects/chat-app-16f84/services/runtimeconfig.googleapis.com 200
[debug] [2023-12-20T11:34:24.334Z] <<< [apiv2][body] GET https://serviceusage.googleapis.com/v1/projects/chat-app-16f84/services/runtimeconfig.googleapis.com [omitted]
[debug] [2023-12-20T11:34:24.376Z] <<< [apiv2][status] GET https://serviceusage.googleapis.com/v1/projects/chat-app-16f84/services/cloudfunctions.googleapis.com 200
[debug] [2023-12-20T11:34:24.376Z] <<< [apiv2][body] GET https://serviceusage.googleapis.com/v1/projects/chat-app-16f84/services/cloudfunctions.googleapis.com [omitted]
[debug] [2023-12-20T11:34:24.377Z] >>> [apiv2][query] POST https://serviceusage.googleapis.com/v1/projects/chat-app-16f84/services/cloudfunctions.googleapis.com:enable [none]
[debug] [2023-12-20T11:34:24.377Z] >>> [apiv2][(partial)header] POST https://serviceusage.googleapis.com/v1/projects/chat-app-16f84/services/cloudfunctions.googleapis.com:enable x-goog-quota-user=projects/chat-app-16f84
[debug] [2023-12-20T11:34:25.210Z] <<< [apiv2][status] POST https://serviceusage.googleapis.com/v1/projects/chat-app-16f84/services/cloudfunctions.googleapis.com:enable 200
[debug] [2023-12-20T11:34:25.210Z] <<< [apiv2][body] POST https://serviceusage.googleapis.com/v1/projects/chat-app-16f84/services/cloudfunctions.googleapis.com:enable [omitted]
[debug] [2023-12-20T11:34:35.225Z] >>> [apiv2][query] GET https://serviceusage.googleapis.com/v1/projects/chat-app-16f84/services/cloudfunctions.googleapis.com [none]
[debug] [2023-12-20T11:34:35.225Z] >>> [apiv2][(partial)header] GET https://serviceusage.googleapis.com/v1/projects/chat-app-16f84/services/cloudfunctions.googleapis.com x-goog-quota-user=projects/chat-app-16f84
[debug] [2023-12-20T11:34:37.112Z] <<< [apiv2][status] GET https://serviceusage.googleapis.com/v1/projects/chat-app-16f84/services/cloudfunctions.googleapis.com 200
[debug] [2023-12-20T11:34:37.113Z] <<< [apiv2][body] GET https://serviceusage.googleapis.com/v1/projects/chat-app-16f84/services/cloudfunctions.googleapis.com [omitted]
[info] Let's create a new codebase for your functions.
[info] A directory corresponding to the codebase will be created in your project
[info] with sample code pre-configured.

[info] See https://firebase.google.com/docs/functions/organize-functions for
[info] more information on organizing your functions using codebases.

[info] Functions can be deployed with firebase deploy.

[info] +  Wrote functions/package.json 
[info] +  Wrote functions/.eslintrc.js 
[info] +  Wrote functions/index.js 
[info] +  Wrote functions/.gitignore 
[info] 
=== Hosting Setup
[debug] [2023-12-20T11:38:01.869Z] >>> [apiv2][query] GET https://firebase.googleapis.com/v1beta1/projects/chat-app-16f84 [none]
[debug] [2023-12-20T11:38:14.729Z] <<< [apiv2][status] GET https://firebase.googleapis.com/v1beta1/projects/chat-app-16f84 200
[debug] [2023-12-20T11:38:14.729Z] <<< [apiv2][body] GET https://firebase.googleapis.com/v1beta1/projects/chat-app-16f84 {"projectId":"chat-app-16f84","projectNumber":"693433602268","displayName":"Chat App","name":"projects/chat-app-16f84","resources":{"hostingSite":"chat-app-16f84","realtimeDatabaseInstance":"chat-app-16f84-default-rtdb"},"state":"ACTIVE","etag":"1_13fff3b7-1728-44e0-8ea3-207e95000138"}
[info] 
[info] Your public directory is the folder (relative to your project directory) that
[info] will contain Hosting assets to be uploaded with firebase deploy. If you
[info] have a build process for your assets, use your build's output directory.
[info] 
[debug] [2023-12-20T11:38:38.656Z] >>> [apiv2][query] GET https://www.gstatic.com/firebasejs/releases.json [none]
[debug] [2023-12-20T11:38:39.851Z] <<< [apiv2][status] GET https://www.gstatic.com/firebasejs/releases.json 200
[debug] [2023-12-20T11:38:39.851Z] <<< [apiv2][body] GET https://www.gstatic.com/firebasejs/releases.json {"current":{"version":"10.7.1","browserURL":"https://www.gstatic.com/firebasejs/10.7.1/firebase.js","packageURL":"https://www.gstatic.com/firebasejs/10.7.1/firebase.tgz"},"live":{"version":"10.7","browserURL":"https://www.gstatic.com/firebasejs/live/10.7/firebase.js","packageURL":"https://www.gstatic.com/firebasejs/live/10.7/firebase.tgz"},"components":{"analytics":"https://www.gstatic.com/firebasejs/10.7.1/firebase-analytics.js","app":"https://www.gstatic.com/firebasejs/10.7.1/firebase-app.js","app-check":"https://www.gstatic.com/firebasejs/10.7.1/firebase-app-check.js","auth":"https://www.gstatic.com/firebasejs/10.7.1/firebase-auth.js","auth/cordova":"https://www.gstatic.com/firebasejs/10.7.1/firebase-auth/cordova.js","functions":"https://www.gstatic.com/firebasejs/10.7.1/firebase-functions.js","firestore":"https://www.gstatic.com/firebasejs/10.7.1/firebase-firestore.js","firestore/lite":"https://www.gstatic.com/firebasejs/10.7.1/firebase-firestore/lite.js","installations":"https://www.gstatic.com/firebasejs/10.7.1/firebase-installations.js","storage":"https://www.gstatic.com/firebasejs/10.7.1/firebase-storage.js","performance":"https://www.gstatic.com/firebasejs/10.7.1/firebase-performance.js","remote-config":"https://www.gstatic.com/firebasejs/10.7.1/firebase-remote-config.js","messaging":"https://www.gstatic.com/firebasejs/10.7.1/firebase-messaging.js","messaging/sw":"https://www.gstatic.com/firebasejs/10.7.1/firebase-messaging/sw.js","database":"https://www.gstatic.com/firebasejs/10.7.1/firebase-database.js","firestore.memory":"https://www.gstatic.com/firebasejs/10.7.1/firebase-firestore.memory.js"}}
[info] +  Wrote public/index.html 
[info] 
[info] i  Didn't detect a .git folder. Assuming C:\Users\Abhishek\OneDrive\Documents\Desktop\ChatApp is the project root. 
[info] i  Authorizing with GitHub to upload your service account to a GitHub repository's secrets store. 
[info] 
[info] Visit this URL on this device to log in:
[info] https://github.com/login/oauth/authorize?client_id=89cf50f02ac6aaed3484&state=73769570&redirect_uri=http%3A%2F%2Flocalhost%3A9005&scope=read%3Auser%20repo%20public_repo
[info] 
[info] Waiting for authentication...
[debug] [2023-12-20T11:39:03.121Z] >>> [apiv2][query] POST https://github.com/login/oauth/access_token [none]
[debug] [2023-12-20T11:39:03.121Z] >>> [apiv2][body] POST https://github.com/login/oauth/access_token [stream]
[debug] [2023-12-20T11:39:08.203Z] <<< [apiv2][status] POST https://github.com/login/oauth/access_token 200
[debug] [2023-12-20T11:39:08.204Z] <<< [apiv2][body] POST https://github.com/login/oauth/access_token {"access_token":"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","token_type":"bearer","scope":"read:user,repo"}
[debug] [2023-12-20T11:39:08.237Z] >>> [apiv2][query] GET https://api.github.com/user [none]
[debug] [2023-12-20T11:39:10.735Z] <<< [apiv2][status] GET https://api.github.com/user 200
[debug] [2023-12-20T11:39:10.735Z] <<< [apiv2][body] GET https://api.github.com/user {"login":"Abhishekkr21","id":104790457,"node_id":"U_kgDOBj75uQ","avatar_url":"https://avatars.githubusercontent.com/u/104790457?v=4","gravatar_id":"","url":"https://api.github.com/users/Abhishekkr21","html_url":"https://github.com/Abhishekkr21","followers_url":"https://api.github.com/users/Abhishekkr21/followers","following_url":"https://api.github.com/users/Abhishekkr21/following{/other_user}","gists_url":"https://api.github.com/users/Abhishekkr21/gists{/gist_id}","starred_url":"https://api.github.com/users/Abhishekkr21/starred{/owner}{/repo}","subscriptions_url":"https://api.github.com/users/Abhishekkr21/subscriptions","organizations_url":"https://api.github.com/users/Abhishekkr21/orgs","repos_url":"https://api.github.com/users/Abhishekkr21/repos","events_url":"https://api.github.com/users/Abhishekkr21/events{/privacy}","received_events_url":"https://api.github.com/users/Abhishekkr21/received_events","type":"User","site_admin":false,"name":"Abhishek Kumar","company":null,"blog":"","location":null,"email":null,"hireable":null,"bio":"B.TECH Student at IIT(ISM) DHANBAD","twitter_username":null,"public_repos":14,"public_gists":0,"followers":0,"following":0,"created_at":"2022-05-02T18:34:56Z","updated_at":"2023-12-20T11:38:45Z","private_gists":0,"total_private_repos":1,"owned_private_repos":1,"disk_usage":85699,"collaborators":0,"two_factor_authentication":false,"plan":{"name":"pro","space":976562499,"collaborators":0,"private_repos":9999}}
[info] 
[info] +  Success! Logged into GitHub as Abhishekkr21 
[info] 
[debug] [2023-12-20T11:39:27.273Z] >>> [apiv2][query] GET https://api.github.com/repos//actions/secrets/public-key type=owner
[debug] [2023-12-20T11:39:28.994Z] <<< [apiv2][status] GET https://api.github.com/repos//actions/secrets/public-key 404
[debug] [2023-12-20T11:39:28.994Z] <<< [apiv2][body] GET https://api.github.com/repos//actions/secrets/public-key {"message":"Not Found","documentation_url":"https://docs.github.com/rest"}
[info] 
[info] 
[error] !  The provided authorization cannot be used with this repository. If this repository is in an organization, did you remember to grant access? 
[info] 
[info] i  Action required: Visit this URL to ensure access has been granted to the appropriate organization(s) for the Firebase CLI GitHub OAuth App: 
[info] https://github.com/settings/connections/applications/89cf50f02ac6aaed3484
[info] 
[debug] [2023-12-20T11:39:34.671Z] >>> [apiv2][query] GET https://api.github.com/repos/y/actions/secrets/public-key type=owner
[debug] [2023-12-20T11:39:52.303Z] <<< [apiv2][status] GET https://api.github.com/repos/y/actions/secrets/public-key 404
[debug] [2023-12-20T11:39:52.304Z] <<< [apiv2][body] GET https://api.github.com/repos/y/actions/secrets/public-key {"message":"Not Found","documentation_url":"https://docs.github.com/rest"}
[info] 
[info] 
[error] !  The provided authorization cannot be used with this repository. If this repository is in an organization, did you remember to grant access? 
[info] 
[info] i  Action required: Visit this URL to ensure access has been granted to the appropriate organization(s) for the Firebase CLI GitHub OAuth App: 
[info] https://github.com/settings/connections/applications/89cf50f02ac6aaed3484
[info] 
[debug] [2023-12-20T11:41:16.119Z] >>> [apiv2][query] GET https://api.github.com/repos/Abhishekkr21/you-ai-assistant/actions/secrets/public-key type=owner
[debug] [2023-12-20T11:41:16.553Z] <<< [apiv2][status] GET https://api.github.com/repos/Abhishekkr21/you-ai-assistant/actions/secrets/public-key 404
[debug] [2023-12-20T11:41:16.553Z] <<< [apiv2][body] GET https://api.github.com/repos/Abhishekkr21/you-ai-assistant/actions/secrets/public-key {"message":"Not Found","documentation_url":"https://docs.github.com/rest/actions/secrets#get-a-repository-public-key"}
[info] 
[info] 
[error] !  The provided authorization cannot be used with this repository. If this repository is in an organization, did you remember to grant access? 
[info] 
[info] i  Action required: Visit this URL to ensure access has been granted to the appropriate organization(s) for the Firebase CLI GitHub OAuth App: 
[info] https://github.com/settings/connections/applications/89cf50f02ac6aaed3484
[info] 
[debug] [2023-12-20T11:41:35.482Z] >>> [apiv2][query] GET https://api.github.com/repos/Abhishekkr21/you-ai-assistant/actions/secrets/public-key type=owner
[debug] [2023-12-20T11:41:35.949Z] <<< [apiv2][status] GET https://api.github.com/repos/Abhishekkr21/you-ai-assistant/actions/secrets/public-key 404
[debug] [2023-12-20T11:41:35.949Z] <<< [apiv2][body] GET https://api.github.com/repos/Abhishekkr21/you-ai-assistant/actions/secrets/public-key {"message":"Not Found","documentation_url":"https://docs.github.com/rest/actions/secrets#get-a-repository-public-key"}
[info] 
[info] 
[error] !  The provided authorization cannot be used with this repository. If this repository is in an organization, did you remember to grant access? 
[info] 
[info] i  Action required: Visit this URL to ensure access has been granted to the appropriate organization(s) for the Firebase CLI GitHub OAuth App: 
[info] https://github.com/settings/connections/applications/89cf50f02ac6aaed3484
[info] 
[debug] [2023-12-20T11:41:37.342Z] >>> [apiv2][query] GET https://api.github.com/repos/Abhishekkr21/you-ai-assistant/actions/secrets/public-key type=owner
[debug] [2023-12-20T11:41:37.681Z] <<< [apiv2][status] GET https://api.github.com/repos/Abhishekkr21/you-ai-assistant/actions/secrets/public-key 404
[debug] [2023-12-20T11:41:37.682Z] <<< [apiv2][body] GET https://api.github.com/repos/Abhishekkr21/you-ai-assistant/actions/secrets/public-key {"message":"Not Found","documentation_url":"https://docs.github.com/rest/actions/secrets#get-a-repository-public-key"}
[info] 
[info] 
[error] !  The provided authorization cannot be used with this repository. If this repository is in an organization, did you remember to grant access? 
[info] 
[info] i  Action required: Visit this URL to ensure access has been granted to the appropriate organization(s) for the Firebase CLI GitHub OAuth App: 
[info] https://github.com/settings/connections/applications/89cf50f02ac6aaed3484
[info] 
[debug] [2023-12-20T11:41:42.369Z] >>> [apiv2][query] GET https://api.github.com/repos/Abhishekkr21/you-ai-assistant/actions/secrets/public-key type=owner
[debug] [2023-12-20T11:41:48.175Z] <<< [apiv2][status] GET https://api.github.com/repos/Abhishekkr21/you-ai-assistant/actions/secrets/public-key 404
[debug] [2023-12-20T11:41:48.176Z] <<< [apiv2][body] GET https://api.github.com/repos/Abhishekkr21/you-ai-assistant/actions/secrets/public-key {"message":"Not Found","documentation_url":"https://docs.github.com/rest/actions/secrets#get-a-repository-public-key"}
[info] 
[info] 
[error] !  The provided authorization cannot be used with this repository. If this repository is in an organization, did you remember to grant access? 
[info] 
[info] i  Action required: Visit this URL to ensure access has been granted to the appropriate organization(s) for the Firebase CLI GitHub OAuth App: 
[info] https://github.com/settings/connections/applications/89cf50f02ac6aaed3484
[info] 
[debug] [2023-12-20T11:42:18.072Z] >>> [apiv2][query] GET https://api.github.com/repos/Abhishekkr21/you-ai-assistant/actions/secrets/public-key type=owner
[debug] [2023-12-20T11:42:18.533Z] <<< [apiv2][status] GET https://api.github.com/repos/Abhishekkr21/you-ai-assistant/actions/secrets/public-key 404
[debug] [2023-12-20T11:42:18.533Z] <<< [apiv2][body] GET https://api.github.com/repos/Abhishekkr21/you-ai-assistant/actions/secrets/public-key {"message":"Not Found","documentation_url":"https://docs.github.com/rest/actions/secrets#get-a-repository-public-key"}
[info] 
[info] 
[error] !  The provided authorization cannot be used with this repository. If this repository is in an organization, did you remember to grant access? 
[info] 
[info] i  Action required: Visit this URL to ensure access has been granted to the appropriate organization(s) for the Firebase CLI GitHub OAuth App: 
[info] https://github.com/settings/connections/applications/89cf50f02ac6aaed3484
[info] 
[debug] [2023-12-20T11:42:24.849Z] >>> [apiv2][query] GET https://api.github.com/repos/use/actions/secrets/public-key type=owner
[debug] [2023-12-20T11:42:25.421Z] <<< [apiv2][status] GET https://api.github.com/repos/use/actions/secrets/public-key 404
[debug] [2023-12-20T11:42:25.421Z] <<< [apiv2][body] GET https://api.github.com/repos/use/actions/secrets/public-key {"message":"Not Found","documentation_url":"https://docs.github.com/rest"}
[info] 
[info] 
[error] !  The provided authorization cannot be used with this repository. If this repository is in an organization, did you remember to grant access? 
[info] 
[info] i  Action required: Visit this URL to ensure access has been granted to the appropriate organization(s) for the Firebase CLI GitHub OAuth App: 
[info] https://github.com/settings/connections/applications/89cf50f02ac6aaed3484
[info] 
[debug] [2023-12-20T11:42:32.327Z] >>> [apiv2][query] GET https://api.github.com/repos/user/actions/secrets/public-key type=owner
[debug] [2023-12-20T11:42:32.791Z] <<< [apiv2][status] GET https://api.github.com/repos/user/actions/secrets/public-key 404
[debug] [2023-12-20T11:42:32.791Z] <<< [apiv2][body] GET https://api.github.com/repos/user/actions/secrets/public-key {"message":"Not Found","documentation_url":"https://docs.github.com/rest"}
[info] 
[info] 
[error] !  The provided authorization cannot be used with this repository. If this repository is in an organization, did you remember to grant access? 
[info] 
[info] i  Action required: Visit this URL to ensure access has been granted to the appropriate organization(s) for the Firebase CLI GitHub OAuth App: 
[info] https://github.com/settings/connections/applications/89cf50f02ac6aaed3484
[info] 
[debug] [2023-12-20T11:45:34.595Z] >>> [apiv2][query] GET https://api.github.com/repos/Abhishekkr21/my-chat-app/actions/secrets/public-key type=owner
[debug] [2023-12-20T11:45:35.065Z] <<< [apiv2][status] GET https://api.github.com/repos/Abhishekkr21/my-chat-app/actions/secrets/public-key 404
[debug] [2023-12-20T11:45:35.065Z] <<< [apiv2][body] GET https://api.github.com/repos/Abhishekkr21/my-chat-app/actions/secrets/public-key {"message":"Not Found","documentation_url":"https://docs.github.com/rest/actions/secrets#get-a-repository-public-key"}
[info] 
[info] 
[error] !  The provided authorization cannot be used with this repository. If this repository is in an organization, did you remember to grant access? 
[info] 
[info] i  Action required: Visit this URL to ensure access has been granted to the appropriate organization(s) for the Firebase CLI GitHub OAuth App: 
[info] https://github.com/settings/connections/applications/89cf50f02ac6aaed3484
[info] 
[debug] [2023-12-20T11:45:37.610Z] >>> [apiv2][query] GET https://api.github.com/repos/Abhishekkr21/my-chat-app/actions/secrets/public-key type=owner
[debug] [2023-12-20T11:45:37.971Z] <<< [apiv2][status] GET https://api.github.com/repos/Abhishekkr21/my-chat-app/actions/secrets/public-key 404
[debug] [2023-12-20T11:45:37.971Z] <<< [apiv2][body] GET https://api.github.com/repos/Abhishekkr21/my-chat-app/actions/secrets/public-key {"message":"Not Found","documentation_url":"https://docs.github.com/rest/actions/secrets#get-a-repository-public-key"}
[info] 
[info] 
[error] !  The provided authorization cannot be used with this repository. If this repository is in an organization, did you remember to grant access? 
[info] 
[info] i  Action required: Visit this URL to ensure access has been granted to the appropriate organization(s) for the Firebase CLI GitHub OAuth App: 
[info] https://github.com/settings/connections/applications/89cf50f02ac6aaed3484
[info] 
[debug] [2023-12-20T11:46:19.770Z] >>> [apiv2][query] GET https://api.github.com/repos/Abhishekkr21/my-chat-app//actions/secrets/public-key type=owner
[debug] [2023-12-20T11:46:20.512Z] <<< [apiv2][status] GET https://api.github.com/repos/Abhishekkr21/my-chat-app//actions/secrets/public-key 404
[debug] [2023-12-20T11:46:20.513Z] <<< [apiv2][body] GET https://api.github.com/repos/Abhishekkr21/my-chat-app//actions/secrets/public-key {"message":"Not Found","documentation_url":"https://docs.github.com/rest"}
[info] 
[info] 
[error] !  The provided authorization cannot be used with this repository. If this repository is in an organization, did you remember to grant access? 
[info] 
[info] i  Action required: Visit this URL to ensure access has been granted to the appropriate organization(s) for the Firebase CLI GitHub OAuth App: 
[info] https://github.com/settings/connections/applications/89cf50f02ac6aaed3484
[info] 
[debug] [2023-12-20T11:46:59.828Z] >>> [apiv2][query] GET https://api.github.com/repos/Abhishekkr21/my-chat-application/actions/secrets/public-key type=owner
[debug] [2023-12-20T11:47:00.405Z] <<< [apiv2][status] GET https://api.github.com/repos/Abhishekkr21/my-chat-application/actions/secrets/public-key 404
[debug] [2023-12-20T11:47:00.405Z] <<< [apiv2][body] GET https://api.github.com/repos/Abhishekkr21/my-chat-application/actions/secrets/public-key {"message":"Not Found","documentation_url":"https://docs.github.com/rest/actions/secrets#get-a-repository-public-key"}
[info] 
[info] 
[error] !  The provided authorization cannot be used with this repository. If this repository is in an organization, did you remember to grant access? 
[info] 
[info] i  Action required: Visit this URL to ensure access has been granted to the appropriate organization(s) for the Firebase CLI GitHub OAuth App: 
[info] https://github.com/settings/connections/applications/89cf50f02ac6aaed3484
[info] 
